2025-06-25 21:06:18 - Generating dashboard...
2025-06-25 21:06:18 - Dashboard generated successfully
2025-06-25 21:06:18 - Changes committed
2025-06-25 21:06:22 - Successfully pushed to GitHub
2025-06-25 21:06:22 - Hook completed
2025-06-25 21:11:14 - Generating dashboard...
2025-06-25 21:11:14 - Dashboard generated successfully
2025-06-25 21:11:14 - Changes committed
2025-06-25 21:11:17 - Successfully pushed to GitHub
2025-06-25 21:11:18 - Hook completed
2025-06-25 21:13:58 - Generating dashboard...
2025-06-25 21:13:58 - Dashboard generated successfully
2025-06-25 21:13:58 - Changes committed
2025-06-25 21:14:02 - Successfully pushed to GitHub
2025-06-25 21:14:02 - Hook completed
2025-06-25 21:17:52 - Generating dashboard...
2025-06-25 21:17:52 - Dashboard generated successfully
2025-06-25 21:17:52 - Changes committed
2025-06-25 21:17:56 - Successfully pushed to GitHub
2025-06-25 21:17:56 - Hook completed
2025-06-25 21:27:15 - Generating dashboard...
2025-06-25 21:27:15 - ERROR: Failed to generate dashboard
2025-06-25 21:35:09 - Generating dashboard...
2025-06-25 21:35:09 - Dashboard generated successfully
2025-06-25 21:35:09 - Changes committed
2025-06-25 21:35:14 - Successfully pushed to GitHub
2025-06-25 21:35:14 - Hook completed
2025-06-25 21:37:40 - Generating dashboard...
2025-06-25 21:37:40 - Dashboard generated successfully
2025-06-25 21:37:40 - Changes committed
2025-06-25 21:37:44 - Successfully pushed to GitHub
2025-06-25 21:37:44 - Hook completed
